<?xml version="1.0" encoding="UTF-8"?>
<!-- Generated by org.testng.reporters.JUnitReportReporter -->
<testsuite skipped="0" hostname="SDWA-193-PC" name="sample.NewTest" tests="2" failures="0" timestamp="29 Apr 2019 10:48:43 GMT" time="0.059" errors="0">
  <testcase name="test2" time="0.005" classname="sample.NewTest"/>
  <testcase name="f" time="0.054" classname="sample.NewTest"/>
</testsuite> <!-- sample.NewTest -->
