<?xml version="1.0" encoding="UTF-8"?>
<!-- Generated by org.testng.reporters.JUnitReportReporter -->
<testsuite hostname="BHUPALAM" name="sample.NewTest" tests="2" failures="0" timestamp="25 Apr 2019 18:21:39 GMT" time="0.186" errors="0">
  <testcase name="test2" time="0.014" classname="sample.NewTest"/>
  <testcase name="f" time="0.172" classname="sample.NewTest"/>
</testsuite> <!-- sample.NewTest -->
