<?xml version="1.0" encoding="UTF-8"?>
<!-- Generated by org.testng.reporters.JUnitReportReporter -->
<testsuite hostname="BHUPALAM" name="sample.DatabaseTest" tests="1" failures="0" timestamp="19 May 2019 07:23:33 GMT" time="1.120" errors="0">
  <testcase name="dataBase" time="1.120" classname="sample.DatabaseTest"/>
</testsuite> <!-- sample.DatabaseTest -->
