<?xml version="1.0" encoding="UTF-8"?>
<!-- Generated by org.testng.reporters.JUnitReportReporter -->
<testsuite skipped="0" hostname="BHUPALAM" name="sample.NewTest" tests="2" failures="0" timestamp="22 Apr 2019 16:52:58 GMT" time="0.018" errors="0">
  <testcase name="f" time="0.015" classname="sample.NewTest"/>
  <testcase name="test2" time="0.003" classname="sample.NewTest"/>
</testsuite> <!-- sample.NewTest -->
