<?xml version="1.0" encoding="UTF-8"?>
<!-- Generated by org.testng.reporters.JUnitReportReporter -->
<testsuite skipped="0" hostname="BHUPALAM" name="sample.NewTest" tests="2" failures="0" timestamp="16 Apr 2019 16:36:10 GMT" time="0.018" errors="0">
  <testcase name="test2" time="0.004" classname="sample.NewTest"/>
  <testcase name="f" time="0.014" classname="sample.NewTest"/>
</testsuite> <!-- sample.NewTest -->
